2022-06-01 00:23:45.909  WARN 5710 --- [HikariPool-1 housekeeper] com.zaxxer.hikari.pool.HikariPool        : HikariPool-1 - Thread starvation or clock leap detected (housekeeper delta=49m15s111ms).
2022-06-01 01:26:12.534  WARN 5710 --- [HikariPool-1 housekeeper] com.zaxxer.hikari.pool.HikariPool        : HikariPool-1 - Thread starvation or clock leap detected (housekeeper delta=1h26s591ms).
2022-06-01 01:43:34.731  WARN 5710 --- [HikariPool-1 housekeeper] com.zaxxer.hikari.pool.HikariPool        : HikariPool-1 - Thread starvation or clock leap detected (housekeeper delta=16m52s188ms).
2022-06-01 02:44:02.857  WARN 5710 --- [HikariPool-1 housekeeper] com.zaxxer.hikari.pool.HikariPool        : HikariPool-1 - Thread starvation or clock leap detected (housekeeper delta=1h28s126ms).
2022-06-01 02:44:32.726  WARN 5710 --- [HikariPool-1 housekeeper] com.zaxxer.hikari.pool.HikariPool        : HikariPool-1 - Retrograde clock change detected (housekeeper delta=29s869ms), soft-evicting connections from pool.
2022-06-01 02:59:55.841  WARN 5710 --- [HikariPool-1 housekeeper] com.zaxxer.hikari.pool.HikariPool        : HikariPool-1 - Thread starvation or clock leap detected (housekeeper delta=15m23s115ms).
2022-06-01 03:15:51.968  WARN 5710 --- [HikariPool-1 housekeeper] com.zaxxer.hikari.pool.HikariPool        : HikariPool-1 - Thread starvation or clock leap detected (housekeeper delta=15m26s118ms).
2022-06-01 03:31:47.944  WARN 5710 --- [HikariPool-1 housekeeper] com.zaxxer.hikari.pool.HikariPool        : HikariPool-1 - Thread starvation or clock leap detected (housekeeper delta=15m25s976ms).
2022-06-01 03:47:15.420  WARN 5710 --- [HikariPool-1 housekeeper] com.zaxxer.hikari.pool.HikariPool        : HikariPool-1 - Thread starvation or clock leap detected (housekeeper delta=15m27s476ms).
2022-06-01 04:03:08.480  WARN 5710 --- [HikariPool-1 housekeeper] com.zaxxer.hikari.pool.HikariPool        : HikariPool-1 - Thread starvation or clock leap detected (housekeeper delta=15m23s55ms).
2022-06-01 05:32:59.329  WARN 5710 --- [HikariPool-1 housekeeper] com.zaxxer.hikari.pool.HikariPool        : HikariPool-1 - Thread starvation or clock leap detected (housekeeper delta=46m50s173ms).
2022-06-01 07:00:26.183  WARN 5710 --- [HikariPool-1 housekeeper] com.zaxxer.hikari.pool.HikariPool        : HikariPool-1 - Thread starvation or clock leap detected (housekeeper delta=1h26m56s844ms).
2022-06-01 08:13:22.007  WARN 5710 --- [HikariPool-1 housekeeper] com.zaxxer.hikari.pool.HikariPool        : HikariPool-1 - Thread starvation or clock leap detected (housekeeper delta=1h12m55s824ms).
2022-06-01 08:19:59.788  WARN 5710 --- [HikariPool-1 housekeeper] com.zaxxer.hikari.pool.HikariPool        : HikariPool-1 - Thread starvation or clock leap detected (housekeeper delta=6m37s769ms).
2022-06-01 08:22:34.562  WARN 5710 --- [HikariPool-1 housekeeper] com.zaxxer.hikari.pool.HikariPool        : HikariPool-1 - Thread starvation or clock leap detected (housekeeper delta=2m4s735ms).
2022-06-01 09:58:43.655  WARN 5710 --- [HikariPool-1 housekeeper] com.zaxxer.hikari.pool.HikariPool        : HikariPool-1 - Thread starvation or clock leap detected (housekeeper delta=1h36m9s94ms).
2022-06-01 09:59:13.222  WARN 5710 --- [HikariPool-1 housekeeper] com.zaxxer.hikari.pool.HikariPool        : HikariPool-1 - Retrograde clock change detected (housekeeper delta=29s569ms), soft-evicting connections from pool.
2022-06-01 11:44:30.509  WARN 5710 --- [HikariPool-1 housekeeper] com.zaxxer.hikari.pool.HikariPool        : HikariPool-1 - Thread starvation or clock leap detected (housekeeper delta=1h43m47s190ms).
2022-06-01 11:48:15.894  INFO 8491 --- [main] c.e.system5.System5ApplicationTests      : Starting System5ApplicationTests using Java 15.0.2 on MacBook-Air.local with PID 8491 (started by aleksejlaskin in /Users/aleksejlaskin/IdeaProjects/System5)
2022-06-01 11:48:15.895 DEBUG 8491 --- [main] c.e.system5.System5ApplicationTests      : Running with Spring Boot v2.6.6, Spring v5.3.18
2022-06-01 11:48:15.897  INFO 8491 --- [main] c.e.system5.System5ApplicationTests      : No active profile set, falling back to 1 default profile: "default"
2022-06-01 11:48:21.750  INFO 8491 --- [main] c.e.system5.System5ApplicationTests      : Started System5ApplicationTests in 6.564 seconds (JVM running for 7.832)
2022-06-01 12:31:50.029  INFO 9424 --- [main] com.example.system5.System5Application   : Starting System5Application using Java 15.0.2 on MacBook-Air.local with PID 9424 (/Users/aleksejlaskin/IdeaProjects/System5/target/classes started by aleksejlaskin in /Users/aleksejlaskin/IdeaProjects/System5)
2022-06-01 12:31:50.034 DEBUG 9424 --- [main] com.example.system5.System5Application   : Running with Spring Boot v2.6.6, Spring v5.3.18
2022-06-01 12:31:50.041  INFO 9424 --- [main] com.example.system5.System5Application   : No active profile set, falling back to 1 default profile: "default"
2022-06-01 12:31:55.507  INFO 9424 --- [main] com.example.system5.System5Application   : Started System5Application in 6.295 seconds (JVM running for 7.536)
2022-06-01 12:33:37.397  INFO 9424 --- [http-nio-8080-exec-10] c.e.s.controller.System5Controller       : admin enter into controller /list
2022-06-01 12:34:30.125  INFO 9424 --- [http-nio-8080-exec-4] c.e.s.controller.System5Controller       : Тестировщик В.Г. enter into controller /list
2022-06-01 12:34:37.681  INFO 9424 --- [http-nio-8080-exec-6] c.e.s.controller.System5Controller       : Тестировщик В.Г. enter into controller /adds
2022-06-01 12:34:37.685  INFO 9424 --- [http-nio-8080-exec-7] c.e.s.controller.System5Controller       : Тестировщик В.Г. enter into controller /list
2022-06-01 12:35:02.017  INFO 9424 --- [http-nio-8080-exec-3] c.e.s.controller.System5Controller       : Иванов С.С. enter into controller /list
2022-06-01 12:36:08.355  INFO 9424 --- [http-nio-8080-exec-8] c.e.s.controller.System5Controller       : Иванов С.С. enter into controller /list/2
2022-06-01 12:36:21.461  INFO 9424 --- [http-nio-8080-exec-4] c.e.s.controller.System5Controller       : Тестировщик В.Г. enter into controller /list
2022-06-01 12:36:36.205  INFO 9424 --- [http-nio-8080-exec-6] c.e.s.controller.System5Controller       : Тестировщик В.Г. enter into controller /adds
2022-06-01 12:36:36.223  INFO 9424 --- [http-nio-8080-exec-7] c.e.s.controller.System5Controller       : Тестировщик В.Г. enter into controller /list
2022-06-01 12:36:59.464  INFO 9424 --- [http-nio-8080-exec-1] c.e.s.controller.System5Controller       : Тестировщик В.Г. enter into controller /list
2022-06-01 12:37:10.851  INFO 9424 --- [http-nio-8080-exec-4] c.e.s.controller.System5Controller       : Тестировщик В.Г. enter into controller /adds
2022-06-01 12:37:10.867  INFO 9424 --- [http-nio-8080-exec-5] c.e.s.controller.System5Controller       : Тестировщик В.Г. enter into controller /list
2022-06-01 12:40:03.919  INFO 9424 --- [http-nio-8080-exec-9] c.e.s.controller.System5Controller       : Тестировщик В.Г. enter into controller /adds
2022-06-01 12:40:04.007  INFO 9424 --- [http-nio-8080-exec-10] c.e.s.controller.System5Controller       : Тестировщик В.Г. enter into controller /list
2022-06-01 12:40:07.464  INFO 9424 --- [http-nio-8080-exec-2] c.e.s.controller.System5Controller       : Тестировщик В.Г. enter into controller /list
2022-06-01 12:40:10.738  INFO 9424 --- [http-nio-8080-exec-4] c.e.s.controller.System5Controller       : Тестировщик В.Г. enter into controller /list
2022-06-01 12:40:12.902  INFO 9424 --- [http-nio-8080-exec-7] c.e.s.controller.System5Controller       : Тестировщик В.Г. enter into controller /list
2022-06-01 12:40:39.787  INFO 9424 --- [http-nio-8080-exec-2] c.e.s.controller.System5Controller       : Иванов С.С. enter into controller /list
2022-06-01 12:40:42.918  INFO 9424 --- [http-nio-8080-exec-5] c.e.s.controller.System5Controller       : Иванов С.С. enter into controller /list/5
2022-06-01 12:40:44.518  INFO 9424 --- [http-nio-8080-exec-7] c.e.s.controller.System5Controller       : Иванов С.С. enter into controller /list
2022-06-01 12:41:55.501  INFO 9424 --- [http-nio-8080-exec-4] c.e.s.controller.System5Controller       : Тестировщик В.Г. enter into controller /list
2022-06-01 12:42:06.343  INFO 9424 --- [http-nio-8080-exec-6] c.e.s.controller.System5Controller       : Тестировщик В.Г. enter into controller /adds
2022-06-01 12:42:52.945  INFO 9424 --- [http-nio-8080-exec-8] c.e.s.controller.System5Controller       : Тестировщик В.Г. enter into controller /list
2022-06-01 12:49:58.017  INFO 9424 --- [http-nio-8080-exec-1] c.e.s.controller.System5Controller       : Тестировщик В.Г. enter into controller /adds
2022-06-01 12:50:02.367  INFO 9424 --- [http-nio-8080-exec-2] c.e.s.controller.System5Controller       : Тестировщик В.Г. enter into controller /list
2022-06-01 12:50:37.403  INFO 9424 --- [http-nio-8080-exec-4] c.e.s.controller.System5Controller       : Тестировщик В.Г. enter into controller /adds
2022-06-01 12:50:54.841  INFO 9424 --- [http-nio-8080-exec-5] c.e.s.controller.System5Controller       : Тестировщик В.Г. enter into controller /list
2022-06-01 12:52:50.846  INFO 9424 --- [http-nio-8080-exec-9] c.e.s.controller.System5Controller       : Тестировщик В.Г. enter into controller /adds
2022-06-01 12:53:16.569  WARN 9424 --- [HikariPool-1 housekeeper] com.zaxxer.hikari.pool.HikariPool        : HikariPool-1 - Thread starvation or clock leap detected (housekeeper delta=49s114ms).
2022-06-01 12:55:37.469  WARN 9424 --- [HikariPool-1 housekeeper] com.zaxxer.hikari.pool.HikariPool        : HikariPool-1 - Thread starvation or clock leap detected (housekeeper delta=2m20s901ms).
2022-06-01 12:55:37.605  INFO 9424 --- [http-nio-8080-exec-1] c.e.s.controller.System5Controller       : Тестировщик В.Г. enter into controller /list
2022-06-01 12:55:47.631  INFO 9687 --- [main] com.example.system5.System5Application   : Starting System5Application using Java 15.0.2 on MacBook-Air.local with PID 9687 (/Users/aleksejlaskin/IdeaProjects/System5/target/classes started by aleksejlaskin in /Users/aleksejlaskin/IdeaProjects/System5)
2022-06-01 12:55:47.635 DEBUG 9687 --- [main] com.example.system5.System5Application   : Running with Spring Boot v2.6.6, Spring v5.3.18
2022-06-01 12:55:47.636  INFO 9687 --- [main] com.example.system5.System5Application   : No active profile set, falling back to 1 default profile: "default"
2022-06-01 12:55:53.194  INFO 9687 --- [main] com.example.system5.System5Application   : Started System5Application in 6.388 seconds (JVM running for 7.657)
2022-06-01 12:56:06.074  INFO 9687 --- [http-nio-8080-exec-4] c.e.s.controller.System5Controller       : Тестировщик В.Г. enter into controller /list
2022-06-01 12:56:21.499  INFO 9687 --- [http-nio-8080-exec-6] c.e.s.controller.System5Controller       : Тестировщик В.Г. enter into controller /adds
2022-06-01 12:56:21.616  INFO 9687 --- [http-nio-8080-exec-7] c.e.s.controller.System5Controller       : Тестировщик В.Г. enter into controller /list
2022-06-01 12:57:56.127  INFO 9687 --- [http-nio-8080-exec-1] c.e.s.controller.System5Controller       : Тестировщик В.Г. enter into controller /list
2022-06-01 12:58:07.565  INFO 9687 --- [http-nio-8080-exec-3] c.e.s.controller.System5Controller       : Тестировщик В.Г. enter into controller /adds
2022-06-01 12:58:07.604  INFO 9687 --- [http-nio-8080-exec-5] c.e.s.controller.System5Controller       : Тестировщик В.Г. enter into controller /list
2022-06-01 12:58:13.741  INFO 9687 --- [http-nio-8080-exec-9] c.e.s.controller.System5Controller       : Петрова А.А. enter into controller /list
2022-06-01 12:58:22.894  INFO 9687 --- [http-nio-8080-exec-2] c.e.s.controller.System5Controller       : Петрова А.А. enter into controller /adds
2022-06-01 12:58:22.923  INFO 9687 --- [http-nio-8080-exec-1] c.e.s.controller.System5Controller       : Петрова А.А. enter into controller /list
2022-06-01 12:58:34.392  INFO 9687 --- [http-nio-8080-exec-7] c.e.s.controller.System5Controller       : Иванов С.С. enter into controller /list
2022-06-01 12:58:39.673  INFO 9687 --- [http-nio-8080-exec-10] c.e.s.controller.System5Controller       : Иванов С.С. enter into controller /list/2
2022-06-01 12:58:46.955  INFO 9687 --- [http-nio-8080-exec-1] c.e.s.controller.System5Controller       : Иванов С.С. enter into controller /addsempl
2022-06-01 12:58:47.012  INFO 9687 --- [http-nio-8080-exec-3] c.e.s.controller.System5Controller       : Иванов С.С. enter into controller /list/2
2022-06-01 12:58:49.934  INFO 9687 --- [http-nio-8080-exec-6] c.e.s.controller.System5Controller       : Иванов С.С. enter into controller /list/5
2022-06-01 12:58:58.776  INFO 9687 --- [http-nio-8080-exec-9] c.e.s.controller.System5Controller       : Иванов С.С. enter into controller /addsempl
2022-06-01 12:58:58.826  INFO 9687 --- [http-nio-8080-exec-10] c.e.s.controller.System5Controller       : Иванов С.С. enter into controller /list/5
2022-06-01 12:59:20.344  INFO 9687 --- [http-nio-8080-exec-6] c.e.s.controller.System5Controller       : Петрова А.А. enter into controller /list
2022-06-01 12:59:29.255  INFO 9687 --- [http-nio-8080-exec-2] c.e.s.controller.System5Controller       : Тестировщик В.Г. enter into controller /list
2022-06-01 13:00:05.408  INFO 9756 --- [main] c.e.system5.System5ApplicationTests      : Starting System5ApplicationTests using Java 15.0.2 on MacBook-Air.local with PID 9756 (started by aleksejlaskin in /Users/aleksejlaskin/IdeaProjects/System5)
2022-06-01 13:00:05.409 DEBUG 9756 --- [main] c.e.system5.System5ApplicationTests      : Running with Spring Boot v2.6.6, Spring v5.3.18
2022-06-01 13:00:05.410  INFO 9756 --- [main] c.e.system5.System5ApplicationTests      : No active profile set, falling back to 1 default profile: "default"
2022-06-01 13:00:10.753  INFO 9756 --- [main] c.e.system5.System5ApplicationTests      : Started System5ApplicationTests in 5.875 seconds (JVM running for 7.009)
2022-06-01 13:01:18.453  INFO 9687 --- [http-nio-8080-exec-8] c.e.s.controller.System5Controller       : Иванов С.С. enter into controller /list
2022-06-01 13:33:20.682  WARN 9687 --- [HikariPool-1 housekeeper] com.zaxxer.hikari.pool.HikariPool        : HikariPool-1 - Thread starvation or clock leap detected (housekeeper delta=30m302ms).
2022-06-01 13:54:54.414  WARN 9687 --- [HikariPool-1 housekeeper] com.zaxxer.hikari.pool.HikariPool        : HikariPool-1 - Thread starvation or clock leap detected (housekeeper delta=17m3s695ms).
2022-06-01 14:13:40.876  WARN 9687 --- [HikariPool-1 housekeeper] com.zaxxer.hikari.pool.HikariPool        : HikariPool-1 - Thread starvation or clock leap detected (housekeeper delta=18m16s459ms).
2022-06-01 14:27:43.404  WARN 9687 --- [HikariPool-1 housekeeper] com.zaxxer.hikari.pool.HikariPool        : HikariPool-1 - Thread starvation or clock leap detected (housekeeper delta=13m32s524ms).
2022-06-01 14:28:13.109  WARN 9687 --- [HikariPool-1 housekeeper] com.zaxxer.hikari.pool.HikariPool        : HikariPool-1 - Retrograde clock change detected (housekeeper delta=29s705ms), soft-evicting connections from pool.
2022-06-01 14:36:07.334  INFO 9687 --- [http-nio-8080-exec-7] c.e.s.controller.System5Controller       : Иванов С.С. enter into controller /list
2022-06-01 14:36:09.810  INFO 9687 --- [http-nio-8080-exec-10] c.e.s.controller.System5Controller       : Иванов С.С. enter into controller /list/2
2022-06-01 14:36:12.605  INFO 9687 --- [http-nio-8080-exec-3] c.e.s.controller.System5Controller       : Иванов С.С. enter into controller /list/5
